<?xml version="1.0" encoding="UTF-8"?>
<testng-results ignored="0" total="1" passed="1" failed="0" skipped="0">
  <reporter-output>
  </reporter-output>
  <suite started-at="2023-04-19T08:00:24 IST" name="Default suite" finished-at="2023-04-19T08:00:29 IST" duration-ms="5392">
    <groups>
    </groups>
    <test started-at="2023-04-19T08:00:24 IST" name="Default test" finished-at="2023-04-19T08:00:29 IST" duration-ms="5392">
      <class name="Listeners.Example">
        <test-method is-config="true" signature="launchBrowser()[pri:0, instance:Listeners.Example@36fc695d]" started-at="2023-04-19T08:00:17 IST" name="launchBrowser" finished-at="2023-04-19T08:00:24 IST" duration-ms="7098" status="PASS">
          <reporter-output>
          </reporter-output>
        </test-method> <!-- launchBrowser -->
        <test-method is-config="true" signature="launchURL()[pri:0, instance:Listeners.Example@36fc695d]" started-at="2023-04-19T08:00:24 IST" name="launchURL" finished-at="2023-04-19T08:00:27 IST" duration-ms="2714" status="PASS">
          <reporter-output>
          </reporter-output>
        </test-method> <!-- launchURL -->
        <test-method is-config="true" signature="waitMethod()[pri:0, instance:Listeners.Example@36fc695d]" started-at="2023-04-19T08:00:27 IST" name="waitMethod" finished-at="2023-04-19T08:00:27 IST" duration-ms="82" status="PASS">
          <reporter-output>
          </reporter-output>
        </test-method> <!-- waitMethod -->
        <test-method signature="enterCredentials()[pri:0, instance:Listeners.Example@36fc695d]" started-at="2023-04-19T08:00:27 IST" name="enterCredentials" finished-at="2023-04-19T08:00:29 IST" duration-ms="2454" status="PASS">
          <reporter-output>
          </reporter-output>
        </test-method> <!-- enterCredentials -->
        <test-method is-config="true" signature="closeBrowser()[pri:0, instance:Listeners.Example@36fc695d]" started-at="2023-04-19T08:00:29 IST" name="closeBrowser" finished-at="2023-04-19T08:00:31 IST" duration-ms="1092" status="PASS">
          <reporter-output>
          </reporter-output>
        </test-method> <!-- closeBrowser -->
      </class> <!-- Listeners.Example -->
    </test> <!-- Default test -->
  </suite> <!-- Default suite -->
</testng-results>
