<?xml version="1.0" encoding="UTF-8"?>
<!-- Generated by org.testng.reporters.JUnitXMLReporter -->
<testsuite ignored="0" hostname="LAPTOP-3BL16AQ1" failures="0" tests="6" name="Test" time="41.587" errors="0" timestamp="2023-04-10T08:08:24 IST">
  <testcase classname="TestNG.LoginToOrangeHRM_Edge" name="enterUserName" time="1.283"/>
  <testcase classname="TestNG.LoginToOrangeHRM_Chrome" name="enterUserName" time="3.703"/>
  <testcase classname="TestNG.LoginToOrangeHRM_Edge" name="enterPassword" time="1.497"/>
  <testcase classname="TestNG.LoginToOrangeHRM_Chrome" name="enterPassword" time="0.516"/>
  <testcase classname="TestNG.LoginToOrangeHRM_Edge" name="clickLogin" time="3.067"/>
  <testcase classname="TestNG.LoginToOrangeHRM_Chrome" name="clickLogin" time="3.924"/>
</testsuite> <!-- Test -->
